<?xml version="1.0" encoding="UTF-8"?>
<!-- Generated by org.testng.reporters.JUnitReportReporter -->
<testsuite hostname="Vishal" failures="0" tests="1" name="Com.CompassionOneView.testCases.CompassionOneViewNewRegistration" time="65.492" errors="0" timestamp="2022-09-28T11:08:20 IST" skipped="0">
  <testcase classname="Com.CompassionOneView.testCases.CompassionOneViewNewRegistration" name="newRegistration" time="65.492"/>
  <system-out/>
</testsuite> <!-- Com.CompassionOneView.testCases.CompassionOneViewNewRegistration -->
