<?xml version="1.0" encoding="UTF-8"?>
<!-- Generated by org.testng.reporters.JUnitReportReporter -->
<testsuite hostname="Vishal" failures="0" tests="1" name="org.CompassionOneView.testCases.CompassionOneViewLogin" time="18.208" errors="0" timestamp="2022-10-08T19:49:10 IST" skipped="0">
  <testcase classname="org.CompassionOneView.testCases.CompassionOneViewLogin" name="loginTest" time="18.208"/>
  <system-out/>
</testsuite> <!-- org.CompassionOneView.testCases.CompassionOneViewLogin -->
