<?xml version="1.0" encoding="UTF-8"?>
<!-- Generated by org.testng.reporters.JUnitReportReporter -->
<testsuite hostname="Vishal" failures="0" tests="1" name="org.CompassionOneView.testCases.CompassionOneViewChangeName" time="119.278" errors="0" timestamp="2022-10-07T18:58:41 IST" skipped="0">
  <testcase classname="org.CompassionOneView.testCases.CompassionOneViewChangeName" name="changeName" time="119.278"/>
  <system-out/>
</testsuite> <!-- org.CompassionOneView.testCases.CompassionOneViewChangeName -->
