<?xml version="1.0" encoding="UTF-8"?>
<!-- Generated by org.testng.reporters.JUnitReportReporter -->
<testsuite hostname="Vishal" failures="0" tests="1" name="org.CompassionOneView.testCases.CompassionOneViewChangeEmail" time="85.998" errors="0" timestamp="2022-10-05T13:14:53 IST" skipped="0">
  <testcase classname="org.CompassionOneView.testCases.CompassionOneViewChangeEmail" name="changeEmail" time="85.998"/>
  <system-out/>
</testsuite> <!-- org.CompassionOneView.testCases.CompassionOneViewChangeEmail -->
