<?xml version="1.0" encoding="UTF-8"?>
<!-- Generated by org.testng.reporters.JUnitReportReporter -->
<testsuite hostname="Vishal" failures="0" tests="1" name="Com.CompassionOneView.testCases.CompassionOneViewLogin" time="8.309" errors="0" timestamp="2022-09-28T08:39:21 IST" skipped="0">
  <testcase classname="Com.CompassionOneView.testCases.CompassionOneViewLogin" name="loginTest" time="8.309"/>
  <system-out/>
</testsuite> <!-- Com.CompassionOneView.testCases.CompassionOneViewLogin -->
