<?xml version="1.0" encoding="UTF-8"?>
<!-- Generated by org.testng.reporters.JUnitReportReporter -->
<testsuite hostname="Vishal" failures="0" tests="1" name="org.CompassionOneView.testCases.CompassionOneViewLogin" time="16.122" errors="0" timestamp="2022-10-08T19:56:11 IST" skipped="0">
  <testcase classname="org.CompassionOneView.testCases.CompassionOneViewLogin" name="loginTest" time="16.122"/>
  <system-out/>
</testsuite> <!-- org.CompassionOneView.testCases.CompassionOneViewLogin -->
