<?xml version="1.0" encoding="UTF-8"?>
<!-- Generated by org.testng.reporters.JUnitReportReporter -->
<testsuite hostname="Vishal" failures="0" tests="1" name="org.CompassionOneView.testCases.CompassionOneViewNewRegistration" time="100.666" errors="0" timestamp="2022-10-07T18:25:22 IST" skipped="0">
  <testcase classname="org.CompassionOneView.testCases.CompassionOneViewNewRegistration" name="newRegistration" time="100.666"/>
  <system-out/>
</testsuite> <!-- org.CompassionOneView.testCases.CompassionOneViewNewRegistration -->
