<?xml version="1.0" encoding="UTF-8"?>
<!-- Generated by org.testng.reporters.JUnitReportReporter -->
<testsuite hostname="Vishal" failures="0" tests="1" name="Com.CompassionOneView.testCases.CompassionOneViewLogin" time="8.385" errors="0" timestamp="2022-09-27T22:23:12 IST" skipped="0">
  <testcase classname="Com.CompassionOneView.testCases.CompassionOneViewLogin" name="loginTest" time="8.385"/>
  <system-out/>
</testsuite> <!-- Com.CompassionOneView.testCases.CompassionOneViewLogin -->
