<?xml version="1.0" encoding="UTF-8"?>
<!-- Generated by org.testng.reporters.JUnitReportReporter -->
<testsuite hostname="Vishal" failures="0" tests="1" name="org.CompassionOneView.testCases.CompassionOneViewChangeAddress" time="83.718" errors="0" timestamp="2022-10-07T18:36:52 IST" skipped="0">
  <testcase classname="org.CompassionOneView.testCases.CompassionOneViewChangeAddress" name="changeAddress" time="83.718"/>
  <system-out/>
</testsuite> <!-- org.CompassionOneView.testCases.CompassionOneViewChangeAddress -->
