<?xml version="1.0" encoding="UTF-8"?>
<!-- Generated by org.testng.reporters.JUnitReportReporter -->
<testsuite hostname="Vishal" failures="0" tests="1" name="org.CompassionOneView.testCases.CompassionOneViewNewRegistration" time="96.715" errors="0" timestamp="2022-10-05T13:14:53 IST" skipped="0">
  <testcase classname="org.CompassionOneView.testCases.CompassionOneViewNewRegistration" name="newRegistration" time="96.715"/>
  <system-out/>
</testsuite> <!-- org.CompassionOneView.testCases.CompassionOneViewNewRegistration -->
